2002.10.09 11:42 B C:\Documents and Settings\frezza001\My Documents\Talks & Papers\SPAR\code\cstitch.c <-- Gannon Unix Server /home/frezza/RESEARCH/SPAR/code cstitch.c
2002.10.09 11:42 B C:\Documents and Settings\frezza001\My Documents\Talks & Papers\SPAR\code\cstitch.h <-- Gannon Unix Server /home/frezza/RESEARCH/SPAR/code cstitch.h
2002.10.09 11:42 B C:\Documents and Settings\frezza001\My Documents\Talks & Papers\SPAR\code\debug.c <-- Gannon Unix Server /home/frezza/RESEARCH/SPAR/code debug.c
2002.10.09 11:42 B C:\Documents and Settings\frezza001\My Documents\Talks & Papers\SPAR\code\externs.h <-- Gannon Unix Server /home/frezza/RESEARCH/SPAR/code externs.h
2002.10.09 11:42 B C:\Documents and Settings\frezza001\My Documents\Talks & Papers\SPAR\code\global_route.c <-- Gannon Unix Server /home/frezza/RESEARCH/SPAR/code global_route.c
2002.10.09 11:42 B C:\Documents and Settings\frezza001\My Documents\Talks & Papers\SPAR\code\hand_place.c <-- Gannon Unix Server /home/frezza/RESEARCH/SPAR/code hand_place.c
2002.10.09 11:42 B C:\Documents and Settings\frezza001\My Documents\Talks & Papers\SPAR\code\ivf_format.h <-- Gannon Unix Server /home/frezza/RESEARCH/SPAR/code ivf_format.h
2002.10.09 11:42 B C:\Documents and Settings\frezza001\My Documents\Talks & Papers\SPAR\code\list.c <-- Gannon Unix Server /home/frezza/RESEARCH/SPAR/code list.c
2002.10.09 11:42 B C:\Documents and Settings\frezza001\My Documents\Talks & Papers\SPAR\code\list.h <-- Gannon Unix Server /home/frezza/RESEARCH/SPAR/code list.h
2002.10.09 11:42 B C:\Documents and Settings\frezza001\My Documents\Talks & Papers\SPAR\code\local_route.c <-- Gannon Unix Server /home/frezza/RESEARCH/SPAR/code local_route.c
2002.10.09 11:42 B C:\Documents and Settings\frezza001\My Documents\Talks & Papers\SPAR\code\Makefile <-- Gannon Unix Server /home/frezza/RESEARCH/SPAR/code Makefile
2002.10.09 11:42 B C:\Documents and Settings\frezza001\My Documents\Talks & Papers\SPAR\code\n2a.c <-- Gannon Unix Server /home/frezza/RESEARCH/SPAR/code n2a.c
2002.10.09 11:42 B C:\Documents and Settings\frezza001\My Documents\Talks & Papers\SPAR\code\net.h <-- Gannon Unix Server /home/frezza/RESEARCH/SPAR/code net.h
2002.10.09 11:42 B C:\Documents and Settings\frezza001\My Documents\Talks & Papers\SPAR\code\network.h <-- Gannon Unix Server /home/frezza/RESEARCH/SPAR/code network.h
2002.10.09 11:42 B C:\Documents and Settings\frezza001\My Documents\Talks & Papers\SPAR\code\parse.c <-- Gannon Unix Server /home/frezza/RESEARCH/SPAR/code parse.c
2002.10.09 11:42 B C:\Documents and Settings\frezza001\My Documents\Talks & Papers\SPAR\code\place.c <-- Gannon Unix Server /home/frezza/RESEARCH/SPAR/code place.c
2002.10.09 11:42 B C:\Documents and Settings\frezza001\My Documents\Talks & Papers\SPAR\code\psfigs.c <-- Gannon Unix Server /home/frezza/RESEARCH/SPAR/code psfigs.c
2002.10.09 11:42 B C:\Documents and Settings\frezza001\My Documents\Talks & Papers\SPAR\code\README <-- Gannon Unix Server /home/frezza/RESEARCH/SPAR/code README
2002.10.09 11:42 B C:\Documents and Settings\frezza001\My Documents\Talks & Papers\SPAR\code\route.h <-- Gannon Unix Server /home/frezza/RESEARCH/SPAR/code route.h
2002.10.09 11:42 B C:\Documents and Settings\frezza001\My Documents\Talks & Papers\SPAR\code\sced.c <-- Gannon Unix Server /home/frezza/RESEARCH/SPAR/code sced.c
2002.10.09 11:42 B C:\Documents and Settings\frezza001\My Documents\Talks & Papers\SPAR\code\system_defs.h <-- Gannon Unix Server /home/frezza/RESEARCH/SPAR/code system_defs.h
2002.10.09 11:42 B C:\Documents and Settings\frezza001\My Documents\Talks & Papers\SPAR\code\terminals.c <-- Gannon Unix Server /home/frezza/RESEARCH/SPAR/code terminals.c
2002.10.09 11:42 B C:\Documents and Settings\frezza001\My Documents\Talks & Papers\SPAR\code\terminals.h <-- Gannon Unix Server /home/frezza/RESEARCH/SPAR/code terminals.h
2002.10.09 11:42 B C:\Documents and Settings\frezza001\My Documents\Talks & Papers\SPAR\code\test1.ivf <-- Gannon Unix Server /home/frezza/RESEARCH/SPAR/code test1.ivf
2002.10.09 11:42 B C:\Documents and Settings\frezza001\My Documents\Talks & Papers\SPAR\code\test1.ps <-- Gannon Unix Server /home/frezza/RESEARCH/SPAR/code test1.ps
2002.10.09 11:42 B C:\Documents and Settings\frezza001\My Documents\Talks & Papers\SPAR\code\utility.c <-- Gannon Unix Server /home/frezza/RESEARCH/SPAR/code utility.c
2002.10.09 11:42 B C:\Documents and Settings\frezza001\My Documents\Talks & Papers\SPAR\code\var.c <-- Gannon Unix Server /home/frezza/RESEARCH/SPAR/code var.c
2002.10.09 11:42 B C:\Documents and Settings\frezza001\My Documents\Talks & Papers\SPAR\code\var.h <-- Gannon Unix Server /home/frezza/RESEARCH/SPAR/code var.h
