2002.10.09 11:40 B C:\Documents and Settings\frezza001\My Documents\Talks & Papers\SPAR\code\vhdl-ivf\3gates.ivf <-- Gannon Unix Server /home/frezza/RESEARCH/SPAR/code/vhdl-ivf 3gates.ivf
2002.10.09 11:40 B C:\Documents and Settings\frezza001\My Documents\Talks & Papers\SPAR\code\vhdl-ivf\4bit-adder0.ivf <-- Gannon Unix Server /home/frezza/RESEARCH/SPAR/code/vhdl-ivf 4bit-adder0.ivf
2002.10.09 11:40 B C:\Documents and Settings\frezza001\My Documents\Talks & Papers\SPAR\code\vhdl-ivf\4bit-adder0.stats <-- Gannon Unix Server /home/frezza/RESEARCH/SPAR/code/vhdl-ivf 4bit-adder0.stats
2002.10.09 11:40 B C:\Documents and Settings\frezza001\My Documents\Talks & Papers\SPAR\code\vhdl-ivf\4bit-adder1.ivf <-- Gannon Unix Server /home/frezza/RESEARCH/SPAR/code/vhdl-ivf 4bit-adder1.ivf
2002.10.09 11:40 B C:\Documents and Settings\frezza001\My Documents\Talks & Papers\SPAR\code\vhdl-ivf\4bit-adder2.ivf <-- Gannon Unix Server /home/frezza/RESEARCH/SPAR/code/vhdl-ivf 4bit-adder2.ivf
2002.10.09 11:40 B C:\Documents and Settings\frezza001\My Documents\Talks & Papers\SPAR\code\vhdl-ivf\4bit-adder3.ivf <-- Gannon Unix Server /home/frezza/RESEARCH/SPAR/code/vhdl-ivf 4bit-adder3.ivf
2002.10.09 11:40 B C:\Documents and Settings\frezza001\My Documents\Talks & Papers\SPAR\code\vhdl-ivf\4gates.ivf <-- Gannon Unix Server /home/frezza/RESEARCH/SPAR/code/vhdl-ivf 4gates.ivf
2002.10.09 11:40 B C:\Documents and Settings\frezza001\My Documents\Talks & Papers\SPAR\code\vhdl-ivf\54155.ivf <-- Gannon Unix Server /home/frezza/RESEARCH/SPAR/code/vhdl-ivf 54155.ivf
2002.10.09 11:40 B C:\Documents and Settings\frezza001\My Documents\Talks & Papers\SPAR\code\vhdl-ivf\54S151.ivf <-- Gannon Unix Server /home/frezza/RESEARCH/SPAR/code/vhdl-ivf 54S151.ivf
2002.10.09 11:40 B C:\Documents and Settings\frezza001\My Documents\Talks & Papers\SPAR\code\vhdl-ivf\64bit.ivf <-- Gannon Unix Server /home/frezza/RESEARCH/SPAR/code/vhdl-ivf 64bit.ivf
2002.10.09 11:40 B C:\Documents and Settings\frezza001\My Documents\Talks & Papers\SPAR\code\vhdl-ivf\74189-beh.ivf <-- Gannon Unix Server /home/frezza/RESEARCH/SPAR/code/vhdl-ivf 74189-beh.ivf
2002.10.09 11:40 B C:\Documents and Settings\frezza001\My Documents\Talks & Papers\SPAR\code\vhdl-ivf\7474-p3-a-f.ps <-- Gannon Unix Server /home/frezza/RESEARCH/SPAR/code/vhdl-ivf 7474-p3-a-f.ps
2002.10.09 11:40 B C:\Documents and Settings\frezza001\My Documents\Talks & Papers\SPAR\code\vhdl-ivf\7474-p3-a.ps <-- Gannon Unix Server /home/frezza/RESEARCH/SPAR/code/vhdl-ivf 7474-p3-a.ps
2002.10.09 11:40 B C:\Documents and Settings\frezza001\My Documents\Talks & Papers\SPAR\code\vhdl-ivf\7474.ivf <-- Gannon Unix Server /home/frezza/RESEARCH/SPAR/code/vhdl-ivf 7474.ivf
2002.10.09 11:40 B C:\Documents and Settings\frezza001\My Documents\Talks & Papers\SPAR\code\vhdl-ivf\8bit-adder.ivf <-- Gannon Unix Server /home/frezza/RESEARCH/SPAR/code/vhdl-ivf 8bit-adder.ivf
2002.10.09 11:40 B C:\Documents and Settings\frezza001\My Documents\Talks & Papers\SPAR\code\vhdl-ivf\9bit-parity.ivf <-- Gannon Unix Server /home/frezza/RESEARCH/SPAR/code/vhdl-ivf 9bit-parity.ivf
2002.10.09 11:41 B C:\Documents and Settings\frezza001\My Documents\Talks & Papers\SPAR\code\vhdl-ivf\add4-p1.ps <-- Gannon Unix Server /home/frezza/RESEARCH/SPAR/code/vhdl-ivf add4-p1.ps
2002.10.09 11:41 B C:\Documents and Settings\frezza001\My Documents\Talks & Papers\SPAR\code\vhdl-ivf\add4-reorder.ivf <-- Gannon Unix Server /home/frezza/RESEARCH/SPAR/code/vhdl-ivf add4-reorder.ivf
2002.10.09 11:41 B C:\Documents and Settings\frezza001\My Documents\Talks & Papers\SPAR\code\vhdl-ivf\add4-u.ps <-- Gannon Unix Server /home/frezza/RESEARCH/SPAR/code/vhdl-ivf add4-u.ps
2002.10.09 11:41 B C:\Documents and Settings\frezza001\My Documents\Talks & Papers\SPAR\code\vhdl-ivf\add4.ivf <-- Gannon Unix Server /home/frezza/RESEARCH/SPAR/code/vhdl-ivf add4.ivf
2002.10.09 11:41 B C:\Documents and Settings\frezza001\My Documents\Talks & Papers\SPAR\code\vhdl-ivf\add_b8_d0_c4.ivf <-- Gannon Unix Server /home/frezza/RESEARCH/SPAR/code/vhdl-ivf add_b8_d0_c4.ivf
2002.10.09 11:41 B C:\Documents and Settings\frezza001\My Documents\Talks & Papers\SPAR\code\vhdl-ivf\adder.vhdl <-- Gannon Unix Server /home/frezza/RESEARCH/SPAR/code/vhdl-ivf adder.vhdl
2002.10.09 11:41 B C:\Documents and Settings\frezza001\My Documents\Talks & Papers\SPAR\code\vhdl-ivf\am2903.ivf <-- Gannon Unix Server /home/frezza/RESEARCH/SPAR/code/vhdl-ivf am2903.ivf
2002.10.09 11:41 B C:\Documents and Settings\frezza001\My Documents\Talks & Papers\SPAR\code\vhdl-ivf\am2903a.ivf <-- Gannon Unix Server /home/frezza/RESEARCH/SPAR/code/vhdl-ivf am2903a.ivf
2002.10.09 11:41 B C:\Documents and Settings\frezza001\My Documents\Talks & Papers\SPAR\code\vhdl-ivf\am2903A.ivf <-- Gannon Unix Server /home/frezza/RESEARCH/SPAR/code/vhdl-ivf am2903A.ivf
2002.10.09 11:41 B C:\Documents and Settings\frezza001\My Documents\Talks & Papers\SPAR\code\vhdl-ivf\andsamples.ivf <-- Gannon Unix Server /home/frezza/RESEARCH/SPAR/code/vhdl-ivf andsamples.ivf
2002.10.09 11:41 B C:\Documents and Settings\frezza001\My Documents\Talks & Papers\SPAR\code\vhdl-ivf\asu.ivf <-- Gannon Unix Server /home/frezza/RESEARCH/SPAR/code/vhdl-ivf asu.ivf
2002.10.09 11:41 B C:\Documents and Settings\frezza001\My Documents\Talks & Papers\SPAR\code\vhdl-ivf\big-or.ivf <-- Gannon Unix Server /home/frezza/RESEARCH/SPAR/code/vhdl-ivf big-or.ivf
2002.10.09 11:41 B C:\Documents and Settings\frezza001\My Documents\Talks & Papers\SPAR\code\vhdl-ivf\big.ivf <-- Gannon Unix Server /home/frezza/RESEARCH/SPAR/code/vhdl-ivf big.ivf
2002.10.09 11:41 B C:\Documents and Settings\frezza001\My Documents\Talks & Papers\SPAR\code\vhdl-ivf\big1.ivf <-- Gannon Unix Server /home/frezza/RESEARCH/SPAR/code/vhdl-ivf big1.ivf
2002.10.09 11:41 B C:\Documents and Settings\frezza001\My Documents\Talks & Papers\SPAR\code\vhdl-ivf\big2.ivf <-- Gannon Unix Server /home/frezza/RESEARCH/SPAR/code/vhdl-ivf big2.ivf
2002.10.09 11:41 B C:\Documents and Settings\frezza001\My Documents\Talks & Papers\SPAR\code\vhdl-ivf\big3.ivf <-- Gannon Unix Server /home/frezza/RESEARCH/SPAR/code/vhdl-ivf big3.ivf
2002.10.09 11:41 B C:\Documents and Settings\frezza001\My Documents\Talks & Papers\SPAR\code\vhdl-ivf\big4.ivf <-- Gannon Unix Server /home/frezza/RESEARCH/SPAR/code/vhdl-ivf big4.ivf
2002.10.09 11:41 B C:\Documents and Settings\frezza001\My Documents\Talks & Papers\SPAR\code\vhdl-ivf\big5.ivf <-- Gannon Unix Server /home/frezza/RESEARCH/SPAR/code/vhdl-ivf big5.ivf
2002.10.09 11:41 B C:\Documents and Settings\frezza001\My Documents\Talks & Papers\SPAR\code\vhdl-ivf\block.ivf <-- Gannon Unix Server /home/frezza/RESEARCH/SPAR/code/vhdl-ivf block.ivf
2002.10.09 11:41 B C:\Documents and Settings\frezza001\My Documents\Talks & Papers\SPAR\code\vhdl-ivf\c283.ivf <-- Gannon Unix Server /home/frezza/RESEARCH/SPAR/code/vhdl-ivf c283.ivf
2002.10.09 11:41 B C:\Documents and Settings\frezza001\My Documents\Talks & Papers\SPAR\code\vhdl-ivf\cc2.ivf <-- Gannon Unix Server /home/frezza/RESEARCH/SPAR/code/vhdl-ivf cc2.ivf
2002.10.09 11:41 B C:\Documents and Settings\frezza001\My Documents\Talks & Papers\SPAR\code\vhdl-ivf\cc2.vhdl <-- Gannon Unix Server /home/frezza/RESEARCH/SPAR/code/vhdl-ivf cc2.vhdl
2002.10.09 11:41 B C:\Documents and Settings\frezza001\My Documents\Talks & Papers\SPAR\code\vhdl-ivf\cc3.ivf <-- Gannon Unix Server /home/frezza/RESEARCH/SPAR/code/vhdl-ivf cc3.ivf
2002.10.09 11:41 B C:\Documents and Settings\frezza001\My Documents\Talks & Papers\SPAR\code\vhdl-ivf\cc4.ivf <-- Gannon Unix Server /home/frezza/RESEARCH/SPAR/code/vhdl-ivf cc4.ivf
2002.10.09 11:41 B C:\Documents and Settings\frezza001\My Documents\Talks & Papers\SPAR\code\vhdl-ivf\clh_b4_d0.ivf <-- Gannon Unix Server /home/frezza/RESEARCH/SPAR/code/vhdl-ivf clh_b4_d0.ivf
2002.10.09 11:41 B C:\Documents and Settings\frezza001\My Documents\Talks & Papers\SPAR\code\vhdl-ivf\cmplx.ivf <-- Gannon Unix Server /home/frezza/RESEARCH/SPAR/code/vhdl-ivf cmplx.ivf
2002.10.09 11:41 B C:\Documents and Settings\frezza001\My Documents\Talks & Papers\SPAR\code\vhdl-ivf\d_ff.ivf <-- Gannon Unix Server /home/frezza/RESEARCH/SPAR/code/vhdl-ivf d_ff.ivf
2002.10.09 11:41 B C:\Documents and Settings\frezza001\My Documents\Talks & Papers\SPAR\code\vhdl-ivf\d_ff.vhdl <-- Gannon Unix Server /home/frezza/RESEARCH/SPAR/code/vhdl-ivf d_ff.vhdl
2002.10.09 11:41 B C:\Documents and Settings\frezza001\My Documents\Talks & Papers\SPAR\code\vhdl-ivf\div_fsm.ivf <-- Gannon Unix Server /home/frezza/RESEARCH/SPAR/code/vhdl-ivf div_fsm.ivf
2002.10.09 11:41 B C:\Documents and Settings\frezza001\My Documents\Talks & Papers\SPAR\code\vhdl-ivf\dse1.ivf <-- Gannon Unix Server /home/frezza/RESEARCH/SPAR/code/vhdl-ivf dse1.ivf
2002.10.09 11:41 B C:\Documents and Settings\frezza001\My Documents\Talks & Papers\SPAR\code\vhdl-ivf\dse2.ivf <-- Gannon Unix Server /home/frezza/RESEARCH/SPAR/code/vhdl-ivf dse2.ivf
2002.10.09 11:41 B C:\Documents and Settings\frezza001\My Documents\Talks & Papers\SPAR\code\vhdl-ivf\fan-in-out.ivf <-- Gannon Unix Server /home/frezza/RESEARCH/SPAR/code/vhdl-ivf fan-in-out.ivf
2002.10.09 11:41 B C:\Documents and Settings\frezza001\My Documents\Talks & Papers\SPAR\code\vhdl-ivf\fan-in.ivf <-- Gannon Unix Server /home/frezza/RESEARCH/SPAR/code/vhdl-ivf fan-in.ivf
2002.10.09 11:41 B C:\Documents and Settings\frezza001\My Documents\Talks & Papers\SPAR\code\vhdl-ivf\fan-out.ivf <-- Gannon Unix Server /home/frezza/RESEARCH/SPAR/code/vhdl-ivf fan-out.ivf
2002.10.09 11:41 B C:\Documents and Settings\frezza001\My Documents\Talks & Papers\SPAR\code\vhdl-ivf\fnGen-h-f.diags <-- Gannon Unix Server /home/frezza/RESEARCH/SPAR/code/vhdl-ivf fnGen-h-f.diags
2002.10.09 11:41 B C:\Documents and Settings\frezza001\My Documents\Talks & Papers\SPAR\code\vhdl-ivf\fnGen-h-f.ps <-- Gannon Unix Server /home/frezza/RESEARCH/SPAR/code/vhdl-ivf fnGen-h-f.ps
2002.10.09 11:41 B C:\Documents and Settings\frezza001\My Documents\Talks & Papers\SPAR\code\vhdl-ivf\fnGen.ivf <-- Gannon Unix Server /home/frezza/RESEARCH/SPAR/code/vhdl-ivf fnGen.ivf
2002.10.09 11:41 B C:\Documents and Settings\frezza001\My Documents\Talks & Papers\SPAR\code\vhdl-ivf\fnGen.vhdl <-- Gannon Unix Server /home/frezza/RESEARCH/SPAR/code/vhdl-ivf fnGen.vhdl
2002.10.09 11:41 B C:\Documents and Settings\frezza001\My Documents\Talks & Papers\SPAR\code\vhdl-ivf\frezza_sn29300.ivf <-- Gannon Unix Server /home/frezza/RESEARCH/SPAR/code/vhdl-ivf frezza_sn29300.ivf
2002.10.09 11:41 B C:\Documents and Settings\frezza001\My Documents\Talks & Papers\SPAR\code\vhdl-ivf\frezza_sn29300.vhdl <-- Gannon Unix Server /home/frezza/RESEARCH/SPAR/code/vhdl-ivf frezza_sn29300.vhdl
2002.10.09 11:41 B C:\Documents and Settings\frezza001\My Documents\Talks & Papers\SPAR\code\vhdl-ivf\gates.vhdl <-- Gannon Unix Server /home/frezza/RESEARCH/SPAR/code/vhdl-ivf gates.vhdl
2002.10.09 11:41 B C:\Documents and Settings\frezza001\My Documents\Talks & Papers\SPAR\code\vhdl-ivf\ge_b8_d0.ivf <-- Gannon Unix Server /home/frezza/RESEARCH/SPAR/code/vhdl-ivf ge_b8_d0.ivf
2002.10.09 11:41 B C:\Documents and Settings\frezza001\My Documents\Talks & Papers\SPAR\code\vhdl-ivf\header.ps <-- Gannon Unix Server /home/frezza/RESEARCH/SPAR/code/vhdl-ivf header.ps
2002.10.09 11:41 B C:\Documents and Settings\frezza001\My Documents\Talks & Papers\SPAR\code\vhdl-ivf\i8212.ivf <-- Gannon Unix Server /home/frezza/RESEARCH/SPAR/code/vhdl-ivf i8212.ivf
2002.10.09 11:41 B C:\Documents and Settings\frezza001\My Documents\Talks & Papers\SPAR\code\vhdl-ivf\i8212.vhdl <-- Gannon Unix Server /home/frezza/RESEARCH/SPAR/code/vhdl-ivf i8212.vhdl
2002.10.09 11:41 B C:\Documents and Settings\frezza001\My Documents\Talks & Papers\SPAR\code\vhdl-ivf\iodevs.ivf <-- Gannon Unix Server /home/frezza/RESEARCH/SPAR/code/vhdl-ivf iodevs.ivf
2002.10.09 11:41 B C:\Documents and Settings\frezza001\My Documents\Talks & Papers\SPAR\code\vhdl-ivf\jk_ff.ivf <-- Gannon Unix Server /home/frezza/RESEARCH/SPAR/code/vhdl-ivf jk_ff.ivf
2002.10.09 11:41 B C:\Documents and Settings\frezza001\My Documents\Talks & Papers\SPAR\code\vhdl-ivf\jk_ms_ff.ivf <-- Gannon Unix Server /home/frezza/RESEARCH/SPAR/code/vhdl-ivf jk_ms_ff.ivf
2002.10.09 11:41 B C:\Documents and Settings\frezza001\My Documents\Talks & Papers\SPAR\code\vhdl-ivf\keyston7474.ivf <-- Gannon Unix Server /home/frezza/RESEARCH/SPAR/code/vhdl-ivf keyston7474.ivf
2002.10.09 11:41 B C:\Documents and Settings\frezza001\My Documents\Talks & Papers\SPAR\code\vhdl-ivf\lrhodes.ivf <-- Gannon Unix Server /home/frezza/RESEARCH/SPAR/code/vhdl-ivf lrhodes.ivf
2002.10.09 11:41 B C:\Documents and Settings\frezza001\My Documents\Talks & Papers\SPAR\code\vhdl-ivf\McNamee-fig8.ivf <-- Gannon Unix Server /home/frezza/RESEARCH/SPAR/code/vhdl-ivf McNamee-fig8.ivf
2002.10.09 11:41 B C:\Documents and Settings\frezza001\My Documents\Talks & Papers\SPAR\code\vhdl-ivf\McNamee-opt.ivf <-- Gannon Unix Server /home/frezza/RESEARCH/SPAR/code/vhdl-ivf McNamee-opt.ivf
2002.10.09 11:41 B C:\Documents and Settings\frezza001\My Documents\Talks & Papers\SPAR\code\vhdl-ivf\McNamee-samp.ivf <-- Gannon Unix Server /home/frezza/RESEARCH/SPAR/code/vhdl-ivf McNamee-samp.ivf
2002.10.09 11:41 B C:\Documents and Settings\frezza001\My Documents\Talks & Papers\SPAR\code\vhdl-ivf\McNamee-synch.ivf <-- Gannon Unix Server /home/frezza/RESEARCH/SPAR/code/vhdl-ivf McNamee-synch.ivf
2002.10.09 11:41 B C:\Documents and Settings\frezza001\My Documents\Talks & Papers\SPAR\code\vhdl-ivf\McNamee.ivf <-- Gannon Unix Server /home/frezza/RESEARCH/SPAR/code/vhdl-ivf McNamee.ivf
2002.10.09 11:41 B C:\Documents and Settings\frezza001\My Documents\Talks & Papers\SPAR\code\vhdl-ivf\mcnamee.vhdl <-- Gannon Unix Server /home/frezza/RESEARCH/SPAR/code/vhdl-ivf mcnamee.vhdl
2002.10.09 11:41 B C:\Documents and Settings\frezza001\My Documents\Talks & Papers\SPAR\code\vhdl-ivf\merged.ivf <-- Gannon Unix Server /home/frezza/RESEARCH/SPAR/code/vhdl-ivf merged.ivf
2002.10.09 11:41 B C:\Documents and Settings\frezza001\My Documents\Talks & Papers\SPAR\code\vhdl-ivf\merged.vhdl <-- Gannon Unix Server /home/frezza/RESEARCH/SPAR/code/vhdl-ivf merged.vhdl
2002.10.09 11:41 B C:\Documents and Settings\frezza001\My Documents\Talks & Papers\SPAR\code\vhdl-ivf\origSN7474.vhdl <-- Gannon Unix Server /home/frezza/RESEARCH/SPAR/code/vhdl-ivf origSN7474.vhdl
2002.10.09 11:41 B C:\Documents and Settings\frezza001\My Documents\Talks & Papers\SPAR\code\vhdl-ivf\orsamples.ivf <-- Gannon Unix Server /home/frezza/RESEARCH/SPAR/code/vhdl-ivf orsamples.ivf
2002.10.09 11:41 B C:\Documents and Settings\frezza001\My Documents\Talks & Papers\SPAR\code\vhdl-ivf\paopo.vhdl <-- Gannon Unix Server /home/frezza/RESEARCH/SPAR/code/vhdl-ivf paopo.vhdl
2002.10.09 11:41 B C:\Documents and Settings\frezza001\My Documents\Talks & Papers\SPAR\code\vhdl-ivf\process.ivf <-- Gannon Unix Server /home/frezza/RESEARCH/SPAR/code/vhdl-ivf process.ivf
2002.10.09 11:41 B C:\Documents and Settings\frezza001\My Documents\Talks & Papers\SPAR\code\vhdl-ivf\routeTest.ivf <-- Gannon Unix Server /home/frezza/RESEARCH/SPAR/code/vhdl-ivf routeTest.ivf
2002.10.09 11:41 B C:\Documents and Settings\frezza001\My Documents\Talks & Papers\SPAR\code\vhdl-ivf\rs_ff.ivf <-- Gannon Unix Server /home/frezza/RESEARCH/SPAR/code/vhdl-ivf rs_ff.ivf
2002.10.09 11:41 B C:\Documents and Settings\frezza001\My Documents\Talks & Papers\SPAR\code\vhdl-ivf\s.ivf <-- Gannon Unix Server /home/frezza/RESEARCH/SPAR/code/vhdl-ivf s.ivf
2002.10.09 11:41 B C:\Documents and Settings\frezza001\My Documents\Talks & Papers\SPAR\code\vhdl-ivf\sh18.ivf <-- Gannon Unix Server /home/frezza/RESEARCH/SPAR/code/vhdl-ivf sh18.ivf
2002.10.09 11:41 B C:\Documents and Settings\frezza001\My Documents\Talks & Papers\SPAR\code\vhdl-ivf\sh2.ivf <-- Gannon Unix Server /home/frezza/RESEARCH/SPAR/code/vhdl-ivf sh2.ivf
2002.10.09 11:41 B C:\Documents and Settings\frezza001\My Documents\Talks & Papers\SPAR\code\vhdl-ivf\sh3-hier.ivf <-- Gannon Unix Server /home/frezza/RESEARCH/SPAR/code/vhdl-ivf sh3-hier.ivf
2002.10.09 11:41 B C:\Documents and Settings\frezza001\My Documents\Talks & Papers\SPAR\code\vhdl-ivf\sh3-inputs.ivf <-- Gannon Unix Server /home/frezza/RESEARCH/SPAR/code/vhdl-ivf sh3-inputs.ivf
2002.10.09 11:41 B C:\Documents and Settings\frezza001\My Documents\Talks & Papers\SPAR\code\vhdl-ivf\sh3-lit.ivf <-- Gannon Unix Server /home/frezza/RESEARCH/SPAR/code/vhdl-ivf sh3-lit.ivf
2002.10.09 11:41 B C:\Documents and Settings\frezza001\My Documents\Talks & Papers\SPAR\code\vhdl-ivf\sh3.vhdl <-- Gannon Unix Server /home/frezza/RESEARCH/SPAR/code/vhdl-ivf sh3.vhdl
2002.10.09 11:41 B C:\Documents and Settings\frezza001\My Documents\Talks & Papers\SPAR\code\vhdl-ivf\sn189.ivf <-- Gannon Unix Server /home/frezza/RESEARCH/SPAR/code/vhdl-ivf sn189.ivf
2002.10.09 11:41 B C:\Documents and Settings\frezza001\My Documents\Talks & Papers\SPAR\code\vhdl-ivf\sn189.vhdl <-- Gannon Unix Server /home/frezza/RESEARCH/SPAR/code/vhdl-ivf sn189.vhdl
2002.10.09 11:41 B C:\Documents and Settings\frezza001\My Documents\Talks & Papers\SPAR\code\vhdl-ivf\SN29300.ivf <-- Gannon Unix Server /home/frezza/RESEARCH/SPAR/code/vhdl-ivf SN29300.ivf
2002.10.09 11:41 B C:\Documents and Settings\frezza001\My Documents\Talks & Papers\SPAR\code\vhdl-ivf\SN29300.vhdl <-- Gannon Unix Server /home/frezza/RESEARCH/SPAR/code/vhdl-ivf SN29300.vhdl
2002.10.09 11:41 B C:\Documents and Settings\frezza001\My Documents\Talks & Papers\SPAR\code\vhdl-ivf\SN54155.ivf <-- Gannon Unix Server /home/frezza/RESEARCH/SPAR/code/vhdl-ivf SN54155.ivf
2002.10.09 11:41 B C:\Documents and Settings\frezza001\My Documents\Talks & Papers\SPAR\code\vhdl-ivf\SN54155.vhdl <-- Gannon Unix Server /home/frezza/RESEARCH/SPAR/code/vhdl-ivf SN54155.vhdl
2002.10.09 11:41 B C:\Documents and Settings\frezza001\My Documents\Talks & Papers\SPAR\code\vhdl-ivf\SN5491A.ivf <-- Gannon Unix Server /home/frezza/RESEARCH/SPAR/code/vhdl-ivf SN5491A.ivf
2002.10.09 11:41 B C:\Documents and Settings\frezza001\My Documents\Talks & Papers\SPAR\code\vhdl-ivf\SN54C283.vhdl <-- Gannon Unix Server /home/frezza/RESEARCH/SPAR/code/vhdl-ivf SN54C283.vhdl
2002.10.09 11:41 B C:\Documents and Settings\frezza001\My Documents\Talks & Papers\SPAR\code\vhdl-ivf\SN54S151-p3-c100-a.ps <-- Gannon Unix Server /home/frezza/RESEARCH/SPAR/code/vhdl-ivf SN54S151-p3-c100-a.ps
2002.10.09 11:41 B C:\Documents and Settings\frezza001\My Documents\Talks & Papers\SPAR\code\vhdl-ivf\SN54S151-p3-c100-f-a.ps <-- Gannon Unix Server /home/frezza/RESEARCH/SPAR/code/vhdl-ivf SN54S151-p3-c100-f-a.ps
2002.10.09 11:41 B C:\Documents and Settings\frezza001\My Documents\Talks & Papers\SPAR\code\vhdl-ivf\SN54S151.ivf <-- Gannon Unix Server /home/frezza/RESEARCH/SPAR/code/vhdl-ivf SN54S151.ivf
2002.10.09 11:41 B C:\Documents and Settings\frezza001\My Documents\Talks & Papers\SPAR\code\vhdl-ivf\SN54S151.vhdl <-- Gannon Unix Server /home/frezza/RESEARCH/SPAR/code/vhdl-ivf SN54S151.vhdl
2002.10.09 11:41 B C:\Documents and Settings\frezza001\My Documents\Talks & Papers\SPAR\code\vhdl-ivf\SN7474.ivf <-- Gannon Unix Server /home/frezza/RESEARCH/SPAR/code/vhdl-ivf SN7474.ivf
2002.10.09 11:41 B C:\Documents and Settings\frezza001\My Documents\Talks & Papers\SPAR\code\vhdl-ivf\SN7474.vhdl <-- Gannon Unix Server /home/frezza/RESEARCH/SPAR/code/vhdl-ivf SN7474.vhdl
2002.10.09 11:41 B C:\Documents and Settings\frezza001\My Documents\Talks & Papers\SPAR\code\vhdl-ivf\SN74L192.vhdl <-- Gannon Unix Server /home/frezza/RESEARCH/SPAR/code/vhdl-ivf SN74L192.vhdl
2002.10.09 11:41 B C:\Documents and Settings\frezza001\My Documents\Talks & Papers\SPAR\code\vhdl-ivf\stack.vhdl <-- Gannon Unix Server /home/frezza/RESEARCH/SPAR/code/vhdl-ivf stack.vhdl
2002.10.09 11:41 B C:\Documents and Settings\frezza001\My Documents\Talks & Papers\SPAR\code\vhdl-ivf\sub_b8_d0_c4.ivf <-- Gannon Unix Server /home/frezza/RESEARCH/SPAR/code/vhdl-ivf sub_b8_d0_c4.ivf
2002.10.09 11:41 B C:\Documents and Settings\frezza001\My Documents\Talks & Papers\SPAR\code\vhdl-ivf\tb_b8_d0.ivf <-- Gannon Unix Server /home/frezza/RESEARCH/SPAR/code/vhdl-ivf tb_b8_d0.ivf
2002.10.09 11:41 B C:\Documents and Settings\frezza001\My Documents\Talks & Papers\SPAR\code\vhdl-ivf\test1.vhdl <-- Gannon Unix Server /home/frezza/RESEARCH/SPAR/code/vhdl-ivf test1.vhdl
2002.10.09 11:41 B C:\Documents and Settings\frezza001\My Documents\Talks & Papers\SPAR\code\vhdl-ivf\test2.vhdl <-- Gannon Unix Server /home/frezza/RESEARCH/SPAR/code/vhdl-ivf test2.vhdl
2002.10.09 11:41 B C:\Documents and Settings\frezza001\My Documents\Talks & Papers\SPAR\code\vhdl-ivf\wallace.vhdl <-- Gannon Unix Server /home/frezza/RESEARCH/SPAR/code/vhdl-ivf wallace.vhdl
